Using pre-set license
Built from '2020.3/staging' branch; Version is '2020.3.21f1 (a38c86f6690f) revision 10718342'; Using compiler version '192528614'; Build Type 'Release'
OS: 'Windows 10 Pro; OS build 18363.720; Version 1909; 64bit' Language: 'ko' Physical Memory: 16334 MB
BatchMode: 1, IsHumanControllingUs: 0, StartBugReporterOnCrash: 0, Is64bit: 1, IsPro: 0

COMMAND LINE ARGUMENTS:
D:\programfile\unity\unity editor\2020.3.21f1\Editor\Unity.exe
-adb2
-batchMode
-noUpm
-name
AssetImportWorker1
-projectPath
D:/programfile/unity/unity save/RePTDungeon/RePTDungeon_Project
-logFile
Logs/AssetImportWorker1.log
-srvPort
1621
Successfully changed project path to: D:/programfile/unity/unity save/RePTDungeon/RePTDungeon_Project
D:/programfile/unity/unity save/RePTDungeon/RePTDungeon_Project
Using Asset Import Pipeline V2.
Refreshing native plugins compatible for Editor in 63.37 ms, found 2 plugins.
Preloading 0 native plugins for Editor in 0.00 ms.
Initialize engine version: 2020.3.21f1 (a38c86f6690f)
[Subsystems] Discovering subsystems at path D:/programfile/unity/unity editor/2020.3.21f1/Editor/Data/Resources/UnitySubsystems
[Subsystems] Discovering subsystems at path D:/programfile/unity/unity save/RePTDungeon/RePTDungeon_Project/Assets
GfxDevice: creating device client; threaded=0
Direct3D:
    Version:  Direct3D 11.0 [level 11.1]
    Renderer: NVIDIA GeForce GTX 1060 3GB (ID=0x1c02)
    Vendor:   
    VRAM:     2988 MB
    Driver:   27.21.14.6140
Initialize mono
Mono path[0] = 'D:/programfile/unity/unity editor/2020.3.21f1/Editor/Data/Managed'
Mono path[1] = 'D:/programfile/unity/unity editor/2020.3.21f1/Editor/Data/MonoBleedingEdge/lib/mono/unityjit'
Mono config path = 'D:/programfile/unity/unity editor/2020.3.21f1/Editor/Data/MonoBleedingEdge/etc'
Using monoOptions --debugger-agent=transport=dt_socket,embedding=1,server=y,suspend=n,address=127.0.0.1:56232
Begin MonoManager ReloadAssembly
